<?xml version="1.0" encoding="UTF-8"?>
<!-- Generated by org.testng.reporters.JUnitXMLReporter -->
<testsuite ignored="4" hostname="LAPTOP-HUA8CH3G" failures="0" tests="1" name="Default test" time="16.55" errors="0" timestamp="2021-02-18T14:25:03 IST">
  <testcase classname="testing.TC_001_Requests" name="test_Get" time="16.508"/>
  <testcase classname="testing.TC_001_Requests" name="test_Put" time="0.0">
    <ignored/>
  </testcase> <!-- test_Put -->
  <testcase classname="testing.TC_001_Requests" name="test_Post" time="0.0">
    <ignored/>
  </testcase> <!-- test_Post -->
  <testcase classname="testing.TC_001_Requests" name="Delet" time="0.0">
    <ignored/>
  </testcase> <!-- Delet -->
  <testcase classname="testing.TC_001_Requests" name="test_Patch" time="0.0">
    <ignored/>
  </testcase> <!-- test_Patch -->
</testsuite> <!-- Default test -->
